#
# A fatal error has been detected by the Java Runtime Environment:
#
#  EXCEPTION_ACCESS_VIOLATION (0xc0000005) at pc=0x00007ff9c7d1aee0, pid=3624, tid=12096
#
# JRE version: OpenJDK Runtime Environment JBR-11.0.8.10-944.34-jcef (11.0.8+10) (build 11.0.8+10-b944.34)
# Java VM: OpenJDK 64-Bit Server VM JBR-11.0.8.10-944.34-jcef (11.0.8+10-b944.34, mixed mode, tiered, compressed oops, g1 gc, windows-amd64)
# Problematic frame:
# C  [ig9icd64.dll+0x56aee0]
#
# No core dump will be written. Minidumps are not enabled by default on client versions of Windows
#
# If you would like to submit a bug report, please visit:
#   https://bugreport.java.com/bugreport/crash.jsp
# The crash happened outside the Java Virtual Machine in native code.
# See problematic frame for where to report the bug.
#

---------------  S U M M A R Y ------------

Command Line: -Dfile.encoding=windows-1252 -Duser.country=GB -Duser.language=en -Duser.variant de.mat2095.my_slither.Main

Host: Intel(R) Core(TM) i5-7300U CPU @ 2.60GHz, 4 cores, 7G,  Windows 10 , 64 bit Build 18362 (10.0.18362.1082)
Time: Mon Oct 12 14:49:48 2020 GMT Summer Time elapsed time: 5 seconds (0d 0h 0m 5s)

---------------  T H R E A D  ---------------

Current thread (0x0000028466465000):  JavaThread "Java2D Queue Flusher" daemon [_thread_in_native, id=12096, stack(0x0000009044a00000,0x0000009044b00000)]

Stack: [0x0000009044a00000,0x0000009044b00000],  sp=0x0000009044afcbc8,  free space=1010k
Native frames: (J=compiled Java code, j=interpreted, Vv=VM code, C=native code)
C  [ig9icd64.dll+0x56aee0]

Java frames: (J=compiled Java code, j=interpreted, Vv=VM code)
j  sun.java2d.opengl.OGLRenderQueue.flushBuffer(JI)V+0 java.desktop@11.0.8
j  sun.java2d.opengl.OGLRenderQueue.flushBuffer()V+21 java.desktop@11.0.8
j  sun.java2d.opengl.OGLRenderQueue$QueueFlusher.run()V+81 java.desktop@11.0.8
j  java.lang.Thread.run()V+11 java.base@11.0.8
v  ~StubRoutines::call_stub

siginfo: EXCEPTION_ACCESS_VIOLATION (0xc0000005), reading address 0x0000028476a7a010


Register to memory mapping:

RIP=0x00007ff9c7d1aee0 ig9icd64.dll
RAX=0x0 is NULL
RBX=0x00000284686f4c20 points into unknown readable memory: d0 5e be 77 84 02 00 00
RCX=0x0000028477be5f98 points into unknown readable memory: 00 00 00 00 00 00 00 00
RDX=0x0000028476a7a010 is an unknown value
RSP=0x0000009044afcbc8 is pointing into the stack for thread: 0x0000028466465000
RBP=0x0000009044afccd0 is pointing into the stack for thread: 0x0000028466465000
RSI=0x00000000000000f0 is an unknown value
RDI=0x000002846835eac0 points into unknown readable memory: 80 a8 b6 66 84 02 00 00
R8 =0x000000000000000a is an unknown value
R9 =0x0000000000000014 is an unknown value
R10=0x00000284686f4220 points into unknown readable memory: a8 6a 1e c8 f9 7f 00 00
R11=0x0000000000000001 is an unknown value
R12=0x0000028477be5ed0 points into unknown readable memory: 84 f6 dd 0c 84 02 00 00
R13=0x0000000000000004 is an unknown value
R14=0x00007ff9c77b0000 ig9icd64.dll
R15=0x0 is NULL


Registers:
RAX=0x0000000000000000, RBX=0x00000284686f4c20, RCX=0x0000028477be5f98, RDX=0x0000028476a7a010
RSP=0x0000009044afcbc8, RBP=0x0000009044afccd0, RSI=0x00000000000000f0, RDI=0x000002846835eac0
R8 =0x000000000000000a, R9 =0x0000000000000014, R10=0x00000284686f4220, R11=0x0000000000000001
R12=0x0000028477be5ed0, R13=0x0000000000000004, R14=0x00007ff9c77b0000, R15=0x0000000000000000
RIP=0x00007ff9c7d1aee0, EFLAGS=0x0000000000010206

Top of Stack: (sp=0x0000009044afcbc8)
0x0000009044afcbc8:   00007ff9c7b9b658 00000284686f4c20
0x0000009044afcbd8:   00000000000000f0 00000284684361a0
0x0000009044afcbe8:   0000000000000030 00007ff9c81f91e0
0x0000009044afcbf8:   00000284684053e0 0000028400000000
0x0000009044afcc08:   0000000000000004 0004000000000000
0x0000009044afcc18:   0000000000000014 0000003c00000000
0x0000009044afcc28:   0000009044afd5d8 0000000100000000
0x0000009044afcc38:   0000010000000001 0000000000000002
0x0000009044afcc48:   0000000000000004 0000000000000000
0x0000009044afcc58:   0000028468389d10 0000028468436080
0x0000009044afcc68:   000002846fcc4dcc 0000028468eab3d0
0x0000009044afcc78:   00000284684053e0 00007ff900000000
0x0000009044afcc88:   0000000000000002 0000000000000001
0x0000009044afcc98:   0000000000000000 0000028468393580
0x0000009044afcca8:   0000028468417170 00000a0800000000
0x0000009044afccb8:   000002846fcc51fc 0000000400000000 

Instructions: (pc=0x00007ff9c7d1aee0)
0x00007ff9c7d1ade0:   45 85 c0 74 26 45 8b c9 41 8b c0 0f 1f 44 00 00
0x00007ff9c7d1adf0:   4c 8b 02 4c 89 01 48 8d 49 10 4c 8b 42 08 49 03
0x00007ff9c7d1ae00:   d1 4c 89 41 f8 48 83 e8 01 75 e5 c3 cc cc cc cc
0x00007ff9c7d1ae10:   cc cc cc cc cc cc cc cc cc cc cc cc cc cc cc cc
0x00007ff9c7d1ae20:   45 85 c0 74 26 45 8b c9 41 8b c0 0f 1f 44 00 00
0x00007ff9c7d1ae30:   4c 8b 02 4c 89 01 48 8d 49 0c 44 8b 42 08 49 03
0x00007ff9c7d1ae40:   d1 44 89 41 fc 48 83 e8 01 75 e5 c3 cc cc cc cc
0x00007ff9c7d1ae50:   cc cc cc cc cc cc cc cc cc cc cc cc cc cc cc cc
0x00007ff9c7d1ae60:   45 85 c0 74 1e 45 8b c9 45 8b c0 0f 1f 44 00 00
0x00007ff9c7d1ae70:   48 8b 02 49 03 d1 48 89 01 48 8d 49 08 49 83 e8
0x00007ff9c7d1ae80:   01 75 ed c3 cc cc cc cc cc cc cc cc cc cc cc cc
0x00007ff9c7d1ae90:   45 85 c0 74 28 45 8b c9 41 8b c0 0f 1f 44 00 00
0x00007ff9c7d1aea0:   44 8b 02 44 89 01 48 8d 49 06 44 0f b7 42 04 49
0x00007ff9c7d1aeb0:   03 d1 66 44 89 41 fe 48 83 e8 01 75 e3 c3 cc cc
0x00007ff9c7d1aec0:   cc cc cc cc cc cc cc cc cc cc cc cc cc cc cc cc
0x00007ff9c7d1aed0:   45 85 c0 74 1c 45 8b c9 45 8b c0 0f 1f 44 00 00
0x00007ff9c7d1aee0:   8b 02 49 03 d1 89 01 48 8d 49 04 49 83 e8 01 75
0x00007ff9c7d1aef0:   ef c3 cc cc cc cc cc cc cc cc cc cc cc cc cc cc
0x00007ff9c7d1af00:   45 85 c0 74 29 45 8b c9 41 8b c0 0f 1f 44 00 00
0x00007ff9c7d1af10:   44 0f b7 02 66 44 89 01 48 8d 49 03 44 0f b6 42
0x00007ff9c7d1af20:   02 49 03 d1 44 88 41 ff 48 83 e8 01 75 e2 c3 cc
0x00007ff9c7d1af30:   cc cc cc cc cc cc cc cc cc cc cc cc cc cc cc cc
0x00007ff9c7d1af40:   45 85 c0 74 1e 45 8b c9 45 8b c0 0f 1f 44 00 00
0x00007ff9c7d1af50:   0f b7 02 49 03 d1 66 89 01 48 8d 49 02 49 83 e8
0x00007ff9c7d1af60:   01 75 ed c3 cc cc cc cc cc cc cc cc cc cc cc cc
0x00007ff9c7d1af70:   45 85 c0 74 1d 45 8b c9 45 8b c0 0f 1f 44 00 00
0x00007ff9c7d1af80:   0f b6 02 49 03 d1 88 01 48 8d 49 01 49 83 e8 01
0x00007ff9c7d1af90:   75 ee c3 cc cc cc cc cc cc cc cc cc cc cc cc cc
0x00007ff9c7d1afa0:   40 53 48 83 ec 20 48 8b d9 e8 22 41 02 00 48 8d
0x00007ff9c7d1afb0:   05 a3 9c 55 00 48 c7 83 60 01 00 00 00 00 00 00
0x00007ff9c7d1afc0:   48 89 03 48 8d 05 ae 9c 55 00 48 89 83 58 01 00
0x00007ff9c7d1afd0:   00 48 8b c3 48 83 c4 20 5b c3 cc cc cc cc cc cc 


Stack slot to memory mapping:
stack at sp + 0 slots: 0x00007ff9c7b9b658 ig9icd64.dll
stack at sp + 1 slots: 0x00000284686f4c20 points into unknown readable memory: d0 5e be 77 84 02 00 00
stack at sp + 2 slots: 0x00000000000000f0 is an unknown value
stack at sp + 3 slots: 0x00000284684361a0 points into unknown readable memory: 00 00 00 00 00 00 00 00
stack at sp + 4 slots: 0x0000000000000030 is an unknown value
stack at sp + 5 slots: 0x00007ff9c81f91e0 ig9icd64.dll
stack at sp + 6 slots: 0x00000284684053e0 points into unknown readable memory: 01 00 00 11 34 70 00 00
stack at sp + 7 slots: 0x0000028400000000 is an unknown value


---------------  P R O C E S S  ---------------

Threads class SMR info:
_java_thread_list=0x0000028468891870, length=21, elements={
0x000002846599f000, 0x00000284659a0800, 0x0000028466315800, 0x0000028466318000,
0x0000028466319000, 0x0000028466321800, 0x0000028466323800, 0x000002846645b800,
0x0000028466466800, 0x0000028466861800, 0x0000028466800000, 0x0000028466465000,
0x00000284685b5800, 0x00000284685c3000, 0x0000028468648800, 0x00000284686b4800,
0x0000028468799800, 0x000002844c1ce800, 0x000002846675a800, 0x0000028468ef6800,
0x0000028468ef7000
}

Java Threads: ( => current thread )
  0x000002846599f000 JavaThread "Reference Handler" daemon [_thread_blocked, id=14736, stack(0x0000009043d00000,0x0000009043e00000)]
  0x00000284659a0800 JavaThread "Finalizer" daemon [_thread_blocked, id=1508, stack(0x0000009043e00000,0x0000009043f00000)]
  0x0000028466315800 JavaThread "Signal Dispatcher" daemon [_thread_blocked, id=5740, stack(0x0000009043f00000,0x0000009044000000)]
  0x0000028466318000 JavaThread "Attach Listener" daemon [_thread_blocked, id=76, stack(0x0000009044000000,0x0000009044100000)]
  0x0000028466319000 JavaThread "C2 CompilerThread0" daemon [_thread_blocked, id=10692, stack(0x0000009044100000,0x0000009044200000)]
  0x0000028466321800 JavaThread "C1 CompilerThread0" daemon [_thread_blocked, id=7800, stack(0x0000009044200000,0x0000009044300000)]
  0x0000028466323800 JavaThread "Sweeper thread" daemon [_thread_blocked, id=248, stack(0x0000009044300000,0x0000009044400000)]
  0x000002846645b800 JavaThread "Service Thread" daemon [_thread_blocked, id=2844, stack(0x0000009044400000,0x0000009044500000)]
  0x0000028466466800 JavaThread "Common-Cleaner" daemon [_thread_blocked, id=8900, stack(0x0000009044600000,0x0000009044700000)]
  0x0000028466861800 JavaThread "Java2D Disposer" daemon [_thread_blocked, id=5660, stack(0x0000009044700000,0x0000009044800000)]
  0x0000028466800000 JavaThread "AWT-Windows" daemon [_thread_in_native, id=1432, stack(0x0000009044900000,0x0000009044a00000)]
=>0x0000028466465000 JavaThread "Java2D Queue Flusher" daemon [_thread_in_native, id=12096, stack(0x0000009044a00000,0x0000009044b00000)]
  0x00000284685b5800 JavaThread "pool-1-thread-1" [_thread_blocked, id=16464, stack(0x0000009044e00000,0x0000009044f00000)]
  0x00000284685c3000 JavaThread "AWT-Shutdown" [_thread_blocked, id=7884, stack(0x0000009044800000,0x0000009044900000)]
  0x0000028468648800 JavaThread "AWT-EventQueue-0" [_thread_blocked, id=13680, stack(0x0000009044f00000,0x0000009045000000)]
  0x00000284686b4800 JavaThread "Timer-0" [_thread_blocked, id=16820, stack(0x0000009045000000,0x0000009045100000)]
  0x0000028468799800 JavaThread "Darcula Animations" daemon [_thread_blocked, id=10160, stack(0x0000009045500000,0x0000009045600000)]
  0x000002844c1ce800 JavaThread "DestroyJavaVM" [_thread_blocked, id=6776, stack(0x0000009043600000,0x0000009043700000)]
  0x000002846675a800 JavaThread "Image Fetcher 0" daemon [_thread_blocked, id=11184, stack(0x0000009045900000,0x0000009045a00000)]
  0x0000028468ef6800 JavaThread "Keep-Alive-Timer" daemon [_thread_blocked, id=17304, stack(0x0000009045a00000,0x0000009045b00000)]
  0x0000028468ef7000 JavaThread "WebSocketConnectReadThread-28" [_thread_in_native, id=4804, stack(0x0000009045400000,0x0000009045500000)]

Other Threads:
  0x000002846597b800 VMThread "VM Thread" [stack: 0x0000009043c00000,0x0000009043d00000] [id=10136]
  0x0000028466462000 WatcherThread [stack: 0x0000009044500000,0x0000009044600000] [id=6196]
  0x000002844c1e8000 GCTaskThread "GC Thread#0" [stack: 0x0000009043700000,0x0000009043800000] [id=16740]
  0x00000284686fe000 GCTaskThread "GC Thread#1" [stack: 0x0000009045600000,0x0000009045700000] [id=16924]
  0x0000028468763000 GCTaskThread "GC Thread#2" [stack: 0x0000009045700000,0x0000009045800000] [id=2948]
  0x00000284686d5000 GCTaskThread "GC Thread#3" [stack: 0x0000009045800000,0x0000009045900000] [id=2804]
  0x000002844c21a800 ConcurrentGCThread "G1 Main Marker" [stack: 0x0000009043800000,0x0000009043900000] [id=6964]
  0x000002844c220000 ConcurrentGCThread "G1 Conc#0" [stack: 0x0000009043900000,0x0000009043a00000] [id=14068]
  0x000002844c29e000 ConcurrentGCThread "G1 Refine#0" [stack: 0x0000009043a00000,0x0000009043b00000] [id=12916]
  0x00000284657e7800 ConcurrentGCThread "G1 Young RemSet Sampling" [stack: 0x0000009043b00000,0x0000009043c00000] [id=9540]

Threads with active compile tasks:

VM state:not at safepoint (normal execution)

VM Mutex/Monitor currently owned by a thread: None

Heap address: 0x0000000082600000, size: 2010 MB, Compressed Oops mode: 32-bit
Narrow klass base: 0x0000000000000000, Narrow klass shift: 3
Compressed class space size: 1073741824 Address: 0x0000000100000000

Heap:
 garbage-first heap   total 129024K, used 5613K [0x0000000082600000, 0x0000000100000000)
  region size 1024K, 6 young (6144K), 3 survivors (3072K)
 Metaspace       used 21501K, capacity 21996K, committed 22140K, reserved 1069056K
  class space    used 2429K, capacity 2664K, committed 2688K, reserved 1048576K
Heap Regions: E=young(eden), S=young(survivor), O=old, HS=humongous(starts), HC=humongous(continues), CS=collection set, F=free, A=archive, TAMS=top-at-mark-start (previous, next)
|   0|0x0000000082600000, 0x00000000826a4e00, 0x0000000082700000| 64%| O|  |TAMS 0x00000000826a4e00, 0x0000000082600000| Untracked 
|   1|0x0000000082700000, 0x0000000082700000, 0x0000000082800000|  0%| F|  |TAMS 0x0000000082700000, 0x0000000082700000| Untracked 
|   2|0x0000000082800000, 0x0000000082800000, 0x0000000082900000|  0%| F|  |TAMS 0x0000000082800000, 0x0000000082800000| Untracked 
|   3|0x0000000082900000, 0x0000000082900000, 0x0000000082a00000|  0%| F|  |TAMS 0x0000000082900000, 0x0000000082900000| Untracked 
|   4|0x0000000082a00000, 0x0000000082a00000, 0x0000000082b00000|  0%| F|  |TAMS 0x0000000082a00000, 0x0000000082a00000| Untracked 
|   5|0x0000000082b00000, 0x0000000082b00000, 0x0000000082c00000|  0%| F|  |TAMS 0x0000000082b00000, 0x0000000082b00000| Untracked 
|   6|0x0000000082c00000, 0x0000000082c00000, 0x0000000082d00000|  0%| F|  |TAMS 0x0000000082c00000, 0x0000000082c00000| Untracked 
|   7|0x0000000082d00000, 0x0000000082d00000, 0x0000000082e00000|  0%| F|  |TAMS 0x0000000082d00000, 0x0000000082d00000| Untracked 
|   8|0x0000000082e00000, 0x0000000082e00000, 0x0000000082f00000|  0%| F|  |TAMS 0x0000000082e00000, 0x0000000082e00000| Untracked 
|   9|0x0000000082f00000, 0x0000000082f00000, 0x0000000083000000|  0%| F|  |TAMS 0x0000000082f00000, 0x0000000082f00000| Untracked 
|  10|0x0000000083000000, 0x0000000083000000, 0x0000000083100000|  0%| F|  |TAMS 0x0000000083000000, 0x0000000083000000| Untracked 
|  11|0x0000000083100000, 0x0000000083100000, 0x0000000083200000|  0%| F|  |TAMS 0x0000000083100000, 0x0000000083100000| Untracked 
|  12|0x0000000083200000, 0x0000000083200000, 0x0000000083300000|  0%| F|  |TAMS 0x0000000083200000, 0x0000000083200000| Untracked 
|  13|0x0000000083300000, 0x0000000083300000, 0x0000000083400000|  0%| F|  |TAMS 0x0000000083300000, 0x0000000083300000| Untracked 
|  14|0x0000000083400000, 0x0000000083400000, 0x0000000083500000|  0%| F|  |TAMS 0x0000000083400000, 0x0000000083400000| Untracked 
|  15|0x0000000083500000, 0x0000000083500000, 0x0000000083600000|  0%| F|  |TAMS 0x0000000083500000, 0x0000000083500000| Untracked 
|  16|0x0000000083600000, 0x0000000083600000, 0x0000000083700000|  0%| F|  |TAMS 0x0000000083600000, 0x0000000083600000| Untracked 
|  17|0x0000000083700000, 0x0000000083700000, 0x0000000083800000|  0%| F|  |TAMS 0x0000000083700000, 0x0000000083700000| Untracked 
|  18|0x0000000083800000, 0x0000000083800000, 0x0000000083900000|  0%| F|  |TAMS 0x0000000083800000, 0x0000000083800000| Untracked 
|  19|0x0000000083900000, 0x0000000083900000, 0x0000000083a00000|  0%| F|  |TAMS 0x0000000083900000, 0x0000000083900000| Untracked 
|  20|0x0000000083a00000, 0x0000000083a00000, 0x0000000083b00000|  0%| F|  |TAMS 0x0000000083a00000, 0x0000000083a00000| Untracked 
|  21|0x0000000083b00000, 0x0000000083b00000, 0x0000000083c00000|  0%| F|  |TAMS 0x0000000083b00000, 0x0000000083b00000| Untracked 
|  22|0x0000000083c00000, 0x0000000083c00000, 0x0000000083d00000|  0%| F|  |TAMS 0x0000000083c00000, 0x0000000083c00000| Untracked 
|  23|0x0000000083d00000, 0x0000000083d00000, 0x0000000083e00000|  0%| F|  |TAMS 0x0000000083d00000, 0x0000000083d00000| Untracked 
|  24|0x0000000083e00000, 0x0000000083e00000, 0x0000000083f00000|  0%| F|  |TAMS 0x0000000083e00000, 0x0000000083e00000| Untracked 
|  25|0x0000000083f00000, 0x0000000083f00000, 0x0000000084000000|  0%| F|  |TAMS 0x0000000083f00000, 0x0000000083f00000| Untracked 
|  26|0x0000000084000000, 0x0000000084000000, 0x0000000084100000|  0%| F|  |TAMS 0x0000000084000000, 0x0000000084000000| Untracked 
|  27|0x0000000084100000, 0x0000000084100000, 0x0000000084200000|  0%| F|  |TAMS 0x0000000084100000, 0x0000000084100000| Untracked 
|  28|0x0000000084200000, 0x0000000084200000, 0x0000000084300000|  0%| F|  |TAMS 0x0000000084200000, 0x0000000084200000| Untracked 
|  29|0x0000000084300000, 0x0000000084300000, 0x0000000084400000|  0%| F|  |TAMS 0x0000000084300000, 0x0000000084300000| Untracked 
|  30|0x0000000084400000, 0x0000000084400000, 0x0000000084500000|  0%| F|  |TAMS 0x0000000084400000, 0x0000000084400000| Untracked 
|  31|0x0000000084500000, 0x0000000084500000, 0x0000000084600000|  0%| F|  |TAMS 0x0000000084500000, 0x0000000084500000| Untracked 
|  32|0x0000000084600000, 0x0000000084600000, 0x0000000084700000|  0%| F|  |TAMS 0x0000000084600000, 0x0000000084600000| Untracked 
|  33|0x0000000084700000, 0x0000000084700000, 0x0000000084800000|  0%| F|  |TAMS 0x0000000084700000, 0x0000000084700000| Untracked 
|  34|0x0000000084800000, 0x0000000084800000, 0x0000000084900000|  0%| F|  |TAMS 0x0000000084800000, 0x0000000084800000| Untracked 
|  35|0x0000000084900000, 0x0000000084900000, 0x0000000084a00000|  0%| F|  |TAMS 0x0000000084900000, 0x0000000084900000| Untracked 
|  36|0x0000000084a00000, 0x0000000084a00000, 0x0000000084b00000|  0%| F|  |TAMS 0x0000000084a00000, 0x0000000084a00000| Untracked 
|  37|0x0000000084b00000, 0x0000000084b00000, 0x0000000084c00000|  0%| F|  |TAMS 0x0000000084b00000, 0x0000000084b00000| Untracked 
|  38|0x0000000084c00000, 0x0000000084c00000, 0x0000000084d00000|  0%| F|  |TAMS 0x0000000084c00000, 0x0000000084c00000| Untracked 
|  39|0x0000000084d00000, 0x0000000084d00000, 0x0000000084e00000|  0%| F|  |TAMS 0x0000000084d00000, 0x0000000084d00000| Untracked 
|  40|0x0000000084e00000, 0x0000000084e00000, 0x0000000084f00000|  0%| F|  |TAMS 0x0000000084e00000, 0x0000000084e00000| Untracked 
|  41|0x0000000084f00000, 0x0000000084f00000, 0x0000000085000000|  0%| F|  |TAMS 0x0000000084f00000, 0x0000000084f00000| Untracked 
|  42|0x0000000085000000, 0x0000000085000000, 0x0000000085100000|  0%| F|  |TAMS 0x0000000085000000, 0x0000000085000000| Untracked 
|  43|0x0000000085100000, 0x0000000085100000, 0x0000000085200000|  0%| F|  |TAMS 0x0000000085100000, 0x0000000085100000| Untracked 
|  44|0x0000000085200000, 0x0000000085200000, 0x0000000085300000|  0%| F|  |TAMS 0x0000000085200000, 0x0000000085200000| Untracked 
|  45|0x0000000085300000, 0x0000000085300000, 0x0000000085400000|  0%| F|  |TAMS 0x0000000085300000, 0x0000000085300000| Untracked 
|  46|0x0000000085400000, 0x0000000085400000, 0x0000000085500000|  0%| F|  |TAMS 0x0000000085400000, 0x0000000085400000| Untracked 
|  47|0x0000000085500000, 0x0000000085500000, 0x0000000085600000|  0%| F|  |TAMS 0x0000000085500000, 0x0000000085500000| Untracked 
|  48|0x0000000085600000, 0x0000000085600000, 0x0000000085700000|  0%| F|  |TAMS 0x0000000085600000, 0x0000000085600000| Untracked 
|  49|0x0000000085700000, 0x0000000085700000, 0x0000000085800000|  0%| F|  |TAMS 0x0000000085700000, 0x0000000085700000| Untracked 
|  50|0x0000000085800000, 0x0000000085800000, 0x0000000085900000|  0%| F|  |TAMS 0x0000000085800000, 0x0000000085800000| Untracked 
|  51|0x0000000085900000, 0x0000000085900000, 0x0000000085a00000|  0%| F|  |TAMS 0x0000000085900000, 0x0000000085900000| Untracked 
|  52|0x0000000085a00000, 0x0000000085a00000, 0x0000000085b00000|  0%| F|  |TAMS 0x0000000085a00000, 0x0000000085a00000| Untracked 
|  53|0x0000000085b00000, 0x0000000085b00000, 0x0000000085c00000|  0%| F|  |TAMS 0x0000000085b00000, 0x0000000085b00000| Untracked 
|  54|0x0000000085c00000, 0x0000000085c00000, 0x0000000085d00000|  0%| F|  |TAMS 0x0000000085c00000, 0x0000000085c00000| Untracked 
|  55|0x0000000085d00000, 0x0000000085d00000, 0x0000000085e00000|  0%| F|  |TAMS 0x0000000085d00000, 0x0000000085d00000| Untracked 
|  56|0x0000000085e00000, 0x0000000085e00000, 0x0000000085f00000|  0%| F|  |TAMS 0x0000000085e00000, 0x0000000085e00000| Untracked 
|  57|0x0000000085f00000, 0x0000000085f00000, 0x0000000086000000|  0%| F|  |TAMS 0x0000000085f00000, 0x0000000085f00000| Untracked 
|  58|0x0000000086000000, 0x0000000086000000, 0x0000000086100000|  0%| F|  |TAMS 0x0000000086000000, 0x0000000086000000| Untracked 
|  59|0x0000000086100000, 0x0000000086100000, 0x0000000086200000|  0%| F|  |TAMS 0x0000000086100000, 0x0000000086100000| Untracked 
|  60|0x0000000086200000, 0x0000000086200000, 0x0000000086300000|  0%| F|  |TAMS 0x0000000086200000, 0x0000000086200000| Untracked 
|  61|0x0000000086300000, 0x0000000086300000, 0x0000000086400000|  0%| F|  |TAMS 0x0000000086300000, 0x0000000086300000| Untracked 
|  62|0x0000000086400000, 0x0000000086400000, 0x0000000086500000|  0%| F|  |TAMS 0x0000000086400000, 0x0000000086400000| Untracked 
|  63|0x0000000086500000, 0x0000000086500000, 0x0000000086600000|  0%| F|  |TAMS 0x0000000086500000, 0x0000000086500000| Untracked 
|  64|0x0000000086600000, 0x0000000086600000, 0x0000000086700000|  0%| F|  |TAMS 0x0000000086600000, 0x0000000086600000| Untracked 
|  65|0x0000000086700000, 0x0000000086700000, 0x0000000086800000|  0%| F|  |TAMS 0x0000000086700000, 0x0000000086700000| Untracked 
|  66|0x0000000086800000, 0x0000000086800000, 0x0000000086900000|  0%| F|  |TAMS 0x0000000086800000, 0x0000000086800000| Untracked 
|  67|0x0000000086900000, 0x0000000086900000, 0x0000000086a00000|  0%| F|  |TAMS 0x0000000086900000, 0x0000000086900000| Untracked 
|  68|0x0000000086a00000, 0x0000000086a00000, 0x0000000086b00000|  0%| F|  |TAMS 0x0000000086a00000, 0x0000000086a00000| Untracked 
|  69|0x0000000086b00000, 0x0000000086b00000, 0x0000000086c00000|  0%| F|  |TAMS 0x0000000086b00000, 0x0000000086b00000| Untracked 
|  70|0x0000000086c00000, 0x0000000086c00000, 0x0000000086d00000|  0%| F|  |TAMS 0x0000000086c00000, 0x0000000086c00000| Untracked 
|  71|0x0000000086d00000, 0x0000000086d00000, 0x0000000086e00000|  0%| F|  |TAMS 0x0000000086d00000, 0x0000000086d00000| Untracked 
|  72|0x0000000086e00000, 0x0000000086e00000, 0x0000000086f00000|  0%| F|  |TAMS 0x0000000086e00000, 0x0000000086e00000| Untracked 
|  73|0x0000000086f00000, 0x0000000086f00000, 0x0000000087000000|  0%| F|  |TAMS 0x0000000086f00000, 0x0000000086f00000| Untracked 
|  74|0x0000000087000000, 0x0000000087000000, 0x0000000087100000|  0%| F|  |TAMS 0x0000000087000000, 0x0000000087000000| Untracked 
|  75|0x0000000087100000, 0x0000000087100000, 0x0000000087200000|  0%| F|  |TAMS 0x0000000087100000, 0x0000000087100000| Untracked 
|  76|0x0000000087200000, 0x0000000087200000, 0x0000000087300000|  0%| F|  |TAMS 0x0000000087200000, 0x0000000087200000| Untracked 
|  77|0x0000000087300000, 0x0000000087300000, 0x0000000087400000|  0%| F|  |TAMS 0x0000000087300000, 0x0000000087300000| Untracked 
|  78|0x0000000087400000, 0x0000000087400000, 0x0000000087500000|  0%| F|  |TAMS 0x0000000087400000, 0x0000000087400000| Untracked 
|  79|0x0000000087500000, 0x0000000087500000, 0x0000000087600000|  0%| F|  |TAMS 0x0000000087500000, 0x0000000087500000| Untracked 
|  80|0x0000000087600000, 0x0000000087600000, 0x0000000087700000|  0%| F|  |TAMS 0x0000000087600000, 0x0000000087600000| Untracked 
|  81|0x0000000087700000, 0x0000000087700000, 0x0000000087800000|  0%| F|  |TAMS 0x0000000087700000, 0x0000000087700000| Untracked 
|  82|0x0000000087800000, 0x0000000087800000, 0x0000000087900000|  0%| F|  |TAMS 0x0000000087800000, 0x0000000087800000| Untracked 
|  83|0x0000000087900000, 0x0000000087900000, 0x0000000087a00000|  0%| F|  |TAMS 0x0000000087900000, 0x0000000087900000| Untracked 
|  84|0x0000000087a00000, 0x0000000087a00000, 0x0000000087b00000|  0%| F|  |TAMS 0x0000000087a00000, 0x0000000087a00000| Untracked 
|  85|0x0000000087b00000, 0x0000000087b00000, 0x0000000087c00000|  0%| F|  |TAMS 0x0000000087b00000, 0x0000000087b00000| Untracked 
|  86|0x0000000087c00000, 0x0000000087c00000, 0x0000000087d00000|  0%| F|  |TAMS 0x0000000087c00000, 0x0000000087c00000| Untracked 
|  87|0x0000000087d00000, 0x0000000087d00000, 0x0000000087e00000|  0%| F|  |TAMS 0x0000000087d00000, 0x0000000087d00000| Untracked 
|  88|0x0000000087e00000, 0x0000000087e00000, 0x0000000087f00000|  0%| F|  |TAMS 0x0000000087e00000, 0x0000000087e00000| Untracked 
|  89|0x0000000087f00000, 0x0000000087f00000, 0x0000000088000000|  0%| F|  |TAMS 0x0000000087f00000, 0x0000000087f00000| Untracked 
|  90|0x0000000088000000, 0x0000000088000000, 0x0000000088100000|  0%| F|  |TAMS 0x0000000088000000, 0x0000000088000000| Untracked 
|  91|0x0000000088100000, 0x0000000088100000, 0x0000000088200000|  0%| F|  |TAMS 0x0000000088100000, 0x0000000088100000| Untracked 
|  92|0x0000000088200000, 0x0000000088200000, 0x0000000088300000|  0%| F|  |TAMS 0x0000000088200000, 0x0000000088200000| Untracked 
|  93|0x0000000088300000, 0x0000000088300000, 0x0000000088400000|  0%| F|  |TAMS 0x0000000088300000, 0x0000000088300000| Untracked 
|  94|0x0000000088400000, 0x0000000088400000, 0x0000000088500000|  0%| F|  |TAMS 0x0000000088400000, 0x0000000088400000| Untracked 
|  95|0x0000000088500000, 0x0000000088500000, 0x0000000088600000|  0%| F|  |TAMS 0x0000000088500000, 0x0000000088500000| Untracked 
|  96|0x0000000088600000, 0x0000000088600000, 0x0000000088700000|  0%| F|  |TAMS 0x0000000088600000, 0x0000000088600000| Untracked 
|  97|0x0000000088700000, 0x0000000088700000, 0x0000000088800000|  0%| F|  |TAMS 0x0000000088700000, 0x0000000088700000| Untracked 
|  98|0x0000000088800000, 0x0000000088800000, 0x0000000088900000|  0%| F|  |TAMS 0x0000000088800000, 0x0000000088800000| Untracked 
|  99|0x0000000088900000, 0x0000000088900000, 0x0000000088a00000|  0%| F|  |TAMS 0x0000000088900000, 0x0000000088900000| Untracked 
| 100|0x0000000088a00000, 0x0000000088a00000, 0x0000000088b00000|  0%| F|  |TAMS 0x0000000088a00000, 0x0000000088a00000| Untracked 
| 101|0x0000000088b00000, 0x0000000088b00000, 0x0000000088c00000|  0%| F|  |TAMS 0x0000000088b00000, 0x0000000088b00000| Untracked 
| 102|0x0000000088c00000, 0x0000000088c00000, 0x0000000088d00000|  0%| F|  |TAMS 0x0000000088c00000, 0x0000000088c00000| Untracked 
| 103|0x0000000088d00000, 0x0000000088d00000, 0x0000000088e00000|  0%| F|  |TAMS 0x0000000088d00000, 0x0000000088d00000| Untracked 
| 104|0x0000000088e00000, 0x0000000088e00000, 0x0000000088f00000|  0%| F|  |TAMS 0x0000000088e00000, 0x0000000088e00000| Untracked 
| 105|0x0000000088f00000, 0x0000000088f00000, 0x0000000089000000|  0%| F|  |TAMS 0x0000000088f00000, 0x0000000088f00000| Untracked 
| 106|0x0000000089000000, 0x0000000089000000, 0x0000000089100000|  0%| F|  |TAMS 0x0000000089000000, 0x0000000089000000| Untracked 
| 107|0x0000000089100000, 0x0000000089100000, 0x0000000089200000|  0%| F|  |TAMS 0x0000000089100000, 0x0000000089100000| Untracked 
| 108|0x0000000089200000, 0x0000000089200000, 0x0000000089300000|  0%| F|  |TAMS 0x0000000089200000, 0x0000000089200000| Untracked 
| 109|0x0000000089300000, 0x0000000089300000, 0x0000000089400000|  0%| F|  |TAMS 0x0000000089300000, 0x0000000089300000| Untracked 
| 110|0x0000000089400000, 0x0000000089400000, 0x0000000089500000|  0%| F|  |TAMS 0x0000000089400000, 0x0000000089400000| Untracked 
| 111|0x0000000089500000, 0x0000000089500000, 0x0000000089600000|  0%| F|  |TAMS 0x0000000089500000, 0x0000000089500000| Untracked 
| 112|0x0000000089600000, 0x0000000089600000, 0x0000000089700000|  0%| F|  |TAMS 0x0000000089600000, 0x0000000089600000| Untracked 
| 113|0x0000000089700000, 0x0000000089700000, 0x0000000089800000|  0%| F|  |TAMS 0x0000000089700000, 0x0000000089700000| Untracked 
| 114|0x0000000089800000, 0x0000000089800000, 0x0000000089900000|  0%| F|  |TAMS 0x0000000089800000, 0x0000000089800000| Untracked 
| 115|0x0000000089900000, 0x0000000089900000, 0x0000000089a00000|  0%| F|  |TAMS 0x0000000089900000, 0x0000000089900000| Untracked 
| 116|0x0000000089a00000, 0x0000000089a00000, 0x0000000089b00000|  0%| F|  |TAMS 0x0000000089a00000, 0x0000000089a00000| Untracked 
| 117|0x0000000089b00000, 0x0000000089b00000, 0x0000000089c00000|  0%| F|  |TAMS 0x0000000089b00000, 0x0000000089b00000| Untracked 
| 118|0x0000000089c00000, 0x0000000089cd66c0, 0x0000000089d00000| 83%| S|CS|TAMS 0x0000000089c00000, 0x0000000089c00000| Complete 
| 119|0x0000000089d00000, 0x0000000089e00000, 0x0000000089e00000|100%| S|CS|TAMS 0x0000000089d00000, 0x0000000089d00000| Complete 
| 120|0x0000000089e00000, 0x0000000089f00000, 0x0000000089f00000|100%| S|CS|TAMS 0x0000000089e00000, 0x0000000089e00000| Complete 
| 121|0x0000000089f00000, 0x0000000089f00000, 0x000000008a000000|  0%| F|  |TAMS 0x0000000089f00000, 0x0000000089f00000| Untracked 
| 122|0x000000008a000000, 0x000000008a000000, 0x000000008a100000|  0%| F|  |TAMS 0x000000008a000000, 0x000000008a000000| Untracked 
| 123|0x000000008a100000, 0x000000008a1658e8, 0x000000008a200000| 39%| E|  |TAMS 0x000000008a100000, 0x000000008a100000| Complete 
| 124|0x000000008a200000, 0x000000008a300000, 0x000000008a300000|100%| E|CS|TAMS 0x000000008a200000, 0x000000008a200000| Complete 
| 125|0x000000008a300000, 0x000000008a400000, 0x000000008a400000|100%| E|CS|TAMS 0x000000008a300000, 0x000000008a300000| Complete 

Card table byte_map: [0x000002845ede0000,0x000002845f1d0000] _byte_map_base: 0x000002845e9cd000

Marking Bits (Prev, Next): (CMBitMap*) 0x000002844c211cb0, (CMBitMap*) 0x000002844c211c78
 Prev Bits: [0x0000028461530000, 0x0000028463498000)
 Next Bits: [0x000002845f5c0000, 0x0000028461528000)

Polling page: 0x000002844b9a0000

Metaspace:

Usage:
  Non-class:     18.88 MB capacity,    18.62 MB ( 99%) used,   203.73 KB (  1%) free+waste,    56.63 KB ( <1%) overhead. 
      Class:      2.60 MB capacity,     2.37 MB ( 91%) used,   204.69 KB (  8%) free+waste,    29.50 KB (  1%) overhead. 
       Both:     21.48 MB capacity,    21.00 MB ( 98%) used,   408.42 KB (  2%) free+waste,    86.13 KB ( <1%) overhead. 

Virtual space:
  Non-class space:       20.00 MB reserved,      19.00 MB ( 95%) committed 
      Class space:        1.00 GB reserved,       2.63 MB ( <1%) committed 
             Both:        1.02 GB reserved,      21.62 MB (  2%) committed 

Chunk freelists:
   Non-Class:  60.00 KB
       Class:  24.00 KB
        Both:  84.00 KB

MaxMetaspaceSize: 17179869184.00 GB
CompressedClassSpaceSize: 1.00 GB

CodeHeap 'non-profiled nmethods': size=120064Kb used=561Kb max_used=568Kb free=119503Kb
 bounds [0x00000284574b0000, 0x0000028457720000, 0x000002845e9f0000]
CodeHeap 'profiled nmethods': size=120000Kb used=3251Kb max_used=3312Kb free=116748Kb
 bounds [0x000002844ff80000, 0x00000284502c0000, 0x00000284574b0000]
CodeHeap 'non-nmethods': size=5696Kb used=1249Kb max_used=1272Kb free=4446Kb
 bounds [0x000002844f9f0000, 0x000002844fc60000, 0x000002844ff80000]
 total_blobs=2441 nmethods=1791 adapters=561
 compilation: enabled
              stopped_count=0, restarted_count=0
 full_count=0

Compilation events (20 events):
Event: 5.634 Thread 0x0000028466321800 1887       3       javax.swing.text.GapContent::length (17 bytes)
Event: 5.635 Thread 0x0000028466321800 nmethod 1887 0x000002844ffcef10 code [0x000002844ffcf0e0, 0x000002844ffcf398]
Event: 5.635 Thread 0x0000028466321800 1888       3       javax.swing.text.Segment::next (41 bytes)
Event: 5.635 Thread 0x0000028466321800 nmethod 1888 0x000002844ffcea90 code [0x000002844ffcec40, 0x000002844ffcee48]
Event: 5.635 Thread 0x0000028466321800 1891       3       java.awt.geom.Rectangle2D$Float::getWidth (6 bytes)
Event: 5.636 Thread 0x0000028466321800 nmethod 1891 0x000002844ffd0c10 code [0x000002844ffd0dc0, 0x000002844ffd0eb8]
Event: 5.636 Thread 0x0000028466321800 1890       3       javax.swing.text.GapContent$MarkData::getOffset (46 bytes)
Event: 5.636 Thread 0x0000028466321800 nmethod 1890 0x000002844ffd4810 code [0x000002844ffd49e0, 0x000002844ffd4c18]
Event: 5.636 Thread 0x0000028466321800 1889       3       javax.swing.text.GapContent$StickyPosition::getOffset (8 bytes)
Event: 5.636 Thread 0x0000028466321800 nmethod 1889 0x000002844ffde210 code [0x000002844ffde3c0, 0x000002844ffde4e8]
Event: 5.639 Thread 0x0000028466321800 1892       3       sun.swing.SwingUtilities2::getFontCharWidth (15 bytes)
Event: 5.639 Thread 0x0000028466321800 nmethod 1892 0x000002844ffddc90 code [0x000002844ffdde40, 0x000002844ffde008]
Event: 5.640 Thread 0x0000028466319000 1893       4       java.util.HashMap::afterNodeAccess (1 bytes)
Event: 5.640 Thread 0x0000028466319000 nmethod 1893 0x00000284574d7b90 code [0x00000284574d7d20, 0x00000284574d7d78]
Event: 5.641 Thread 0x0000028466321800 1894       3       com.bulenkov.darcula.ui.DarculaTextFieldUI::isSearchField (30 bytes)
Event: 5.641 Thread 0x0000028466321800 nmethod 1894 0x000002845000cf90 code [0x000002845000d180, 0x000002845000d538]
Event: 5.641 Thread 0x0000028466321800 1895       3       sun.java2d.SunGraphics2D::transformShape (97 bytes)
Event: 5.642 Thread 0x0000028466321800 nmethod 1895 0x0000028450183510 code [0x0000028450183800, 0x00000284501849c8]
Event: 5.642 Thread 0x0000028466321800 1896       3       java.awt.Color::getTransparency (22 bytes)
Event: 5.642 Thread 0x0000028466321800 nmethod 1896 0x000002845000ca90 code [0x000002845000cc60, 0x000002845000cea8]

GC Heap History (4 events):
Event: 2.252 GC heap before
{Heap before GC invocations=0 (full 0):
 garbage-first heap   total 129024K, used 14336K [0x0000000082600000, 0x0000000100000000)
  region size 1024K, 14 young (14336K), 0 survivors (0K)
 Metaspace       used 18319K, capacity 18782K, committed 19072K, reserved 1067008K
  class space    used 2110K, capacity 2318K, committed 2432K, reserved 1048576K
}
Event: 2.301 GC heap after
{Heap after GC invocations=1 (full 0):
 garbage-first heap   total 129024K, used 2707K [0x0000000082600000, 0x0000000100000000)
  region size 1024K, 2 young (2048K), 2 survivors (2048K)
 Metaspace       used 18319K, capacity 18782K, committed 19072K, reserved 1067008K
  class space    used 2110K, capacity 2318K, committed 2432K, reserved 1048576K
}
Event: 4.951 GC heap before
{Heap before GC invocations=1 (full 0):
 garbage-first heap   total 129024K, used 6803K [0x0000000082600000, 0x0000000100000000)
  region size 1024K, 7 young (7168K), 2 survivors (2048K)
 Metaspace       used 20734K, capacity 21152K, committed 21248K, reserved 1069056K
  class space    used 2328K, capacity 2532K, committed 2560K, reserved 1048576K
}
Event: 4.961 GC heap after
{Heap after GC invocations=2 (full 0):
 garbage-first heap   total 129024K, used 3565K [0x0000000082600000, 0x0000000100000000)
  region size 1024K, 3 young (3072K), 3 survivors (3072K)
 Metaspace       used 20734K, capacity 21152K, committed 21248K, reserved 1069056K
  class space    used 2328K, capacity 2532K, committed 2560K, reserved 1048576K
}

Deoptimization events (20 events):
Event: 1.927 Thread 0x000002844c1ce800 DEOPT PACKING pc=0x0000028457501330 sp=0x00000090436fec90
Event: 1.927 Thread 0x000002844c1ce800 DEOPT UNPACKING pc=0x000002844fa174af sp=0x00000090436feba8 mode 2
Event: 2.021 Thread 0x0000028466800000 Uncommon trap: trap_request=0xffffffde fr.pc=0x00000284574fdbd4 relative=0x0000000000000754
Event: 2.021 Thread 0x0000028466800000 Uncommon trap: reason=class_check action=maybe_recompile pc=0x00000284574fdbd4 method=java.util.HashMap.putVal(ILjava/lang/Object;Ljava/lang/Object;ZZ)Ljava/lang/Object; @ 91 c2
Event: 2.021 Thread 0x0000028466800000 DEOPT PACKING pc=0x00000284574fdbd4 sp=0x00000090449fdd30
Event: 2.021 Thread 0x0000028466800000 DEOPT UNPACKING pc=0x000002844fa174af sp=0x00000090449fdc40 mode 2
Event: 2.021 Thread 0x0000028466800000 Uncommon trap: trap_request=0xffffffde fr.pc=0x00000284574fdbd4 relative=0x0000000000000754
Event: 2.021 Thread 0x0000028466800000 Uncommon trap: reason=class_check action=maybe_recompile pc=0x00000284574fdbd4 method=java.util.HashMap.putVal(ILjava/lang/Object;Ljava/lang/Object;ZZ)Ljava/lang/Object; @ 91 c2
Event: 2.021 Thread 0x0000028466800000 DEOPT PACKING pc=0x00000284574fdbd4 sp=0x00000090449fdd30
Event: 2.021 Thread 0x0000028466800000 DEOPT UNPACKING pc=0x000002844fa174af sp=0x00000090449fdc40 mode 2
Event: 2.092 Thread 0x000002844c1ce800 Uncommon trap: trap_request=0xffffff4d fr.pc=0x00000284574c34b0 relative=0x0000000000000210
Event: 2.092 Thread 0x000002844c1ce800 Uncommon trap: reason=unstable_if action=reinterpret pc=0x00000284574c34b0 method=java.lang.String.hashCode()I @ 22 c2
Event: 2.092 Thread 0x000002844c1ce800 DEOPT PACKING pc=0x00000284574c34b0 sp=0x00000090436fda20
Event: 2.092 Thread 0x000002844c1ce800 DEOPT UNPACKING pc=0x000002844fa174af sp=0x00000090436fd9a8 mode 2
Event: 2.399 Thread 0x0000028468648800 DEOPT PACKING pc=0x00000284500217db sp=0x0000009044ff9480
Event: 2.399 Thread 0x0000028468648800 DEOPT UNPACKING pc=0x000002844fa172ce sp=0x0000009044ff88f8 mode 0
Event: 4.847 Thread 0x0000028468752800 Uncommon trap: trap_request=0xffffff4d fr.pc=0x00000284574d5844 relative=0x0000000000000324
Event: 4.847 Thread 0x0000028468752800 Uncommon trap: reason=unstable_if action=reinterpret pc=0x00000284574d5844 method=jdk.internal.org.objectweb.asm.Type.getArgumentsAndReturnSizes(Ljava/lang/String;)I @ 88 c2
Event: 4.847 Thread 0x0000028468752800 DEOPT PACKING pc=0x00000284574d5844 sp=0x00000090454fd130
Event: 4.847 Thread 0x0000028468752800 DEOPT UNPACKING pc=0x000002844fa174af sp=0x00000090454fd0b8 mode 2

Classes redefined (0 events):
No events

Internal exceptions (20 events):
Event: 0.713 Thread 0x000002844c1ce800 Exception <a 'java/lang/NoSuchMethodError'{0x000000008a0e02a0}: 'java.lang.Object java.lang.invoke.DirectMethodHandle$Holder.invokeStatic(java.lang.Object, java.lang.Object, java.lang.Object, java.lang.Object, java.lang.Object, java.lang.Object, java.lang.Object, java.lang.Object, int)'> (0x000000008a0e02a0) thrown at [./src/hotspot/share/interpreter/linkResolver.cpp, line 773]
Event: 0.715 Thread 0x000002844c1ce800 Exception <a 'java/lang/NoSuchMethodError'{0x000000008a0fa380}: 'java.lang.Object java.lang.invoke.DirectMethodHandle$Holder.invokeStatic(java.lang.Object, java.lang.Object, java.lang.Object, java.lang.Object, java.lang.Object, java.lang.Object, java.lang.Object, java.lang.Object, int, int)'> (0x000000008a0fa380) thrown at [./src/hotspot/share/interpreter/linkResolver.cpp, line 773]
Event: 0.779 Thread 0x000002844c1ce800 Exception <a 'java/lang/NoSuchMethodError'{0x0000000089fe8050}: 'java.lang.Object java.lang.invoke.DirectMethodHandle$Holder.invokeStatic(java.lang.Object, int, java.lang.Object, java.lang.Object, java.lang.Object, java.lang.Object)'> (0x0000000089fe8050) thrown at [./src/hotspot/share/interpreter/linkResolver.cpp, line 773]
Event: 0.780 Thread 0x000002844c1ce800 Exception <a 'java/lang/NoSuchMethodError'{0x0000000089feee68}: 'java.lang.Object java.lang.invoke.DirectMethodHandle$Holder.invokeStatic(java.lang.Object, int, java.lang.Object, java.lang.Object, java.lang.Object)'> (0x0000000089feee68) thrown at [./src/hotspot/share/interpreter/linkResolver.cpp, line 773]
Event: 0.780 Thread 0x000002844c1ce800 Exception <a 'java/lang/NoSuchMethodError'{0x0000000089ff29b0}: 'java.lang.Object java.lang.invoke.DirectMethodHandle$Holder.invokeSpecial(java.lang.Object, java.lang.Object, int, java.lang.Object, java.lang.Object, java.lang.Object)'> (0x0000000089ff29b0) thrown at [./src/hotspot/share/interpreter/linkResolver.cpp, line 773]
Event: 0.814 Thread 0x000002844c1ce800 Exception <a 'java/lang/NoSuchMethodError'{0x0000000089e0a840}: 'java.lang.Object java.lang.invoke.DirectMethodHandle$Holder.invokeStatic(java.lang.Object, int, java.lang.Object)'> (0x0000000089e0a840) thrown at [./src/hotspot/share/interpreter/linkResolver.cpp, line 773]
Event: 0.898 Thread 0x000002844c1ce800 Exception <a 'java/lang/ClassNotFoundException'{0x0000000089eb8140}: com/sun/swing/internal/plaf/metal/resources/spi/metalProvider> (0x0000000089eb8140) thrown at [./src/hotspot/share/classfile/systemDictionary.cpp, line 231]
Event: 0.901 Thread 0x000002844c1ce800 Exception <a 'java/lang/ClassNotFoundException'{0x0000000089ebc598}: com/sun/swing/internal/plaf/basic/resources/spi/basicProvider> (0x0000000089ebc598) thrown at [./src/hotspot/share/classfile/systemDictionary.cpp, line 231]
Event: 1.305 Thread 0x000002844c1ce800 Exception <a 'java/lang/NoSuchMethodError'{0x0000000089cbce10}: 'int java.lang.invoke.DirectMethodHandle$Holder.invokeStaticInit(java.lang.Object, java.lang.Object, java.lang.Object, java.lang.Object)'> (0x0000000089cbce10) thrown at [./src/hotspot/share/interpreter/linkResolver.cpp, line 773]
Event: 1.313 Thread 0x000002844c1ce800 Exception <a 'java/lang/IncompatibleClassChangeError'{0x0000000089cc6750}: Found class java.lang.Object, but interface was expected> (0x0000000089cc6750) thrown at [./src/hotspot/share/interpreter/linkResolver.cpp, line 839]
Event: 1.317 Thread 0x000002844c1ce800 Exception <a 'java/lang/NoSuchMethodError'{0x0000000089cc9770}: 'void java.lang.invoke.DirectMethodHandle$Holder.invokeStaticInit(java.lang.Object, java.lang.Object)'> (0x0000000089cc9770) thrown at [./src/hotspot/share/interpreter/linkResolver.cpp, line 773]
Event: 1.320 Thread 0x000002844c1ce800 Exception <a 'java/lang/NoSuchMethodError'{0x0000000089ccf080}: 'int java.lang.invoke.DirectMethodHandle$Holder.invokeStaticInit(java.lang.Object, java.lang.Object)'> (0x0000000089ccf080) thrown at [./src/hotspot/share/interpreter/linkResolver.cpp, line 773]
Event: 1.675 Thread 0x000002844c1ce800 Exception <a 'java/lang/NoSuchMethodError'{0x0000000089befc68}: 'void java.lang.invoke.DirectMethodHandle$Holder.invokeVirtual(java.lang.Object, java.lang.Object)'> (0x0000000089befc68) thrown at [./src/hotspot/share/interpreter/linkResolver.cpp, line 773]
Event: 1.817 Thread 0x000002844c1ce800 Exception <a 'java/lang/NoSuchMethodError'{0x00000000899bc290}: 'java.lang.Object java.lang.invoke.DirectMethodHandle$Holder.invokeStatic(java.lang.Object, java.lang.Object, java.lang.Object, java.lang.Object, java.lang.Object, java.lang.Object, java.lang.Object, java.lang.Object, java.lang.Object, java.lang.Object, java.lang.Object, int)'> (0x00000000899bc290) thrown at [./src/hotspot/share/interpreter/linkResolver.cpp, line 773]
Event: 1.819 Thread 0x000002844c1ce800 Exception <a 'java/lang/NoSuchMethodError'{0x00000000899da410}: 'java.lang.Object java.lang.invoke.DirectMethodHandle$Holder.invokeStatic(java.lang.Object, java.lang.Object, java.lang.Object, java.lang.Object, java.lang.Object, java.lang.Object, java.lang.Object, java.lang.Object, java.lang.Object, java.lang.Object, java.lang.Object, int, int)'> (0x00000000899da410) thrown at [./src/hotspot/share/interpreter/linkResolver.cpp, line 773]
Event: 1.822 Thread 0x000002844c1ce800 Exception <a 'java/lang/NoSuchMethodError'{0x00000000899f91a0}: 'java.lang.Object java.lang.invoke.DirectMethodHandle$Holder.invokeStatic(java.lang.Object, java.lang.Object, java.lang.Object, java.lang.Object, java.lang.Object, java.lang.Object, java.lang.Object, java.lang.Object, java.lang.Object, java.lang.Object, java.lang.Object, int, int, java.lang.Object)'> (0x00000000899f91a0) thrown at [./src/hotspot/share/interpreter/linkResolver.cpp, line 773]
Event: 1.824 Thread 0x000002844c1ce800 Exception <a 'java/lang/NoSuchMethodError'{0x0000000089819ac8}: 'java.lang.Object java.lang.invoke.DirectMethodHandle$Holder.invokeStatic(java.lang.Object, java.lang.Object, java.lang.Object, java.lang.Object, java.lang.Object, java.lang.Object, java.lang.Object, java.lang.Object, java.lang.Object, java.lang.Object, java.lang.Object, int, int, java.lang.Object, java.lang.Object)'> (0x0000000089819ac8) thrown at [./src/hotspot/share/interpreter/linkResolver.cpp, line 773]
Event: 1.876 Thread 0x000002844c1ce800 Implicit null exception at 0x00000284574e10af to 0x00000284574e111d
Event: 2.030 Thread 0x000002844c1ce800 Exception <a 'java/lang/NoSuchMethodError'{0x0000000089795228}: 'void java.lang.invoke.DirectMethodHandle$Holder.invokeStaticInit(java.lang.Object)'> (0x0000000089795228) thrown at [./src/hotspot/share/interpreter/linkResolver.cpp, line 773]
Event: 2.040 Thread 0x000002844c1ce800 Exception <a 'java/lang/NoSuchMethodError'{0x00000000897e42b8}: 'java.lang.Object java.lang.invoke.Invokers$Holder.linkToTargetMethod(java.lang.Object, int, java.lang.Object)'> (0x00000000897e42b8) thrown at [./src/hotspot/share/interpreter/linkResolver.cpp, line 773]

Events (20 events):
Event: 5.633 loading class org/java_websocket/enums/HandshakeState done
Event: 5.634 loading class java/util/concurrent/LinkedBlockingQueue$Itr
Event: 5.635 Executing VM operation: RevokeBias
Event: 5.635 loading class java/util/concurrent/LinkedBlockingQueue$Itr done
Event: 5.635 Executing VM operation: RevokeBias done
Event: 5.635 loading class javax/swing/text/GapContent$RemoveUndo
Event: 5.635 Executing VM operation: RevokeBias
Event: 5.635 loading class javax/swing/text/GapContent$RemoveUndo done
Event: 5.635 Executing VM operation: RevokeBias done
Event: 5.635 loading class javax/swing/text/GapContent$UndoPosRef
Event: 5.635 Executing VM operation: RevokeBias
Event: 5.635 loading class javax/swing/text/GapContent$UndoPosRef done
Event: 5.635 Executing VM operation: RevokeBias done
Event: 5.636 Thread 0x0000028468ef7000 Thread exited: 0x0000028468ef7000
Event: 5.636 Executing VM operation: RevokeBias
Event: 5.636 Executing VM operation: RevokeBias done
Event: 5.637 Thread 0x0000028468ef7000 Thread added: 0x0000028468ef7000
Event: 5.637 Executing VM operation: RevokeBias
Event: 5.637 Executing VM operation: RevokeBias done
Event: 5.637 Thread 0x0000028468ef4800 Thread exited: 0x0000028468ef4800


Dynamic libraries:
0x00007ff6651b0000 - 0x00007ff6651ba000 	C:\Program Files\JetBrains\IntelliJ IDEA Community Edition 2020.2.3\jbr\bin\java.exe
0x00007ffa32860000 - 0x00007ffa32a50000 	C:\WINDOWS\SYSTEM32\ntdll.dll
0x00007ffa05050000 - 0x00007ffa05062000 	C:\Program Files\AVG\Antivirus\aswhook.dll
0x00007ffa32240000 - 0x00007ffa322f2000 	C:\WINDOWS\System32\KERNEL32.DLL
0x00007ffa2fad0000 - 0x00007ffa2fd75000 	C:\WINDOWS\System32\KERNELBASE.dll
0x00007ffa2f8f0000 - 0x00007ffa2f9ea000 	C:\WINDOWS\System32\ucrtbase.dll
0x00007ffa196f0000 - 0x00007ffa19709000 	C:\Program Files\JetBrains\IntelliJ IDEA Community Edition 2020.2.3\jbr\bin\jli.dll
0x00007ffa30d00000 - 0x00007ffa30e95000 	C:\WINDOWS\System32\USER32.dll
0x00007ffa2f9f0000 - 0x00007ffa2fa11000 	C:\WINDOWS\System32\win32u.dll
0x00007ffa30a90000 - 0x00007ffa30ab6000 	C:\WINDOWS\System32\GDI32.dll
0x00007ffa2ff50000 - 0x00007ffa300e6000 	C:\WINDOWS\System32\gdi32full.dll
0x00007ffa30870000 - 0x00007ffa3090e000 	C:\WINDOWS\System32\msvcp_win.dll
0x00007ffa195f0000 - 0x00007ffa19607000 	C:\Program Files\JetBrains\IntelliJ IDEA Community Edition 2020.2.3\jbr\bin\VCRUNTIME140.dll
0x00007ffa180f0000 - 0x00007ffa18374000 	C:\WINDOWS\WinSxS\amd64_microsoft.windows.common-controls_6595b64144ccf1df_6.0.18362.1082_none_9e8193e1e45b25c1\COMCTL32.dll
0x00007ffa31cf0000 - 0x00007ffa31d8e000 	C:\WINDOWS\System32\msvcrt.dll
0x00007ffa323d0000 - 0x00007ffa32705000 	C:\WINDOWS\System32\combase.dll
0x00007ffa30b30000 - 0x00007ffa30c50000 	C:\WINDOWS\System32\RPCRT4.dll
0x00007ffa2fd80000 - 0x00007ffa2fe00000 	C:\WINDOWS\System32\bcryptPrimitives.dll
0x00007ffa30eb0000 - 0x00007ffa30ede000 	C:\WINDOWS\System32\IMM32.DLL
0x00007ffa18e10000 - 0x00007ffa18ead000 	C:\Program Files\JetBrains\IntelliJ IDEA Community Edition 2020.2.3\jbr\bin\msvcp140.dll
0x00007ff9ca570000 - 0x00007ff9cb02d000 	C:\Program Files\JetBrains\IntelliJ IDEA Community Edition 2020.2.3\jbr\bin\server\jvm.dll
0x00007ffa30c50000 - 0x00007ffa30cf3000 	C:\WINDOWS\System32\ADVAPI32.dll
0x00007ffa321a0000 - 0x00007ffa32237000 	C:\WINDOWS\System32\sechost.dll
0x00007ffa32810000 - 0x00007ffa32818000 	C:\WINDOWS\System32\PSAPI.DLL
0x00007ffa17330000 - 0x00007ffa17339000 	C:\WINDOWS\SYSTEM32\WSOCK32.dll
0x00007ffa327a0000 - 0x00007ffa3280f000 	C:\WINDOWS\System32\WS2_32.dll
0x00007ffa2a0b0000 - 0x00007ffa2a0d4000 	C:\WINDOWS\SYSTEM32\WINMM.dll
0x00007ffa23680000 - 0x00007ffa2368a000 	C:\WINDOWS\SYSTEM32\VERSION.dll
0x00007ffa2a080000 - 0x00007ffa2a0ad000 	C:\WINDOWS\SYSTEM32\WINMMBASE.dll
0x00007ffa2fa80000 - 0x00007ffa2faca000 	C:\WINDOWS\System32\cfgmgr32.dll
0x00007ffa2f730000 - 0x00007ffa2f741000 	C:\WINDOWS\System32\kernel.appcore.dll
0x00007ffa1a400000 - 0x00007ffa1a411000 	C:\Program Files\JetBrains\IntelliJ IDEA Community Edition 2020.2.3\jbr\bin\verify.dll
0x00007ffa2e020000 - 0x00007ffa2e214000 	C:\WINDOWS\SYSTEM32\DBGHELP.DLL
0x00007ffa1e260000 - 0x00007ffa1e28a000 	C:\WINDOWS\SYSTEM32\dbgcore.DLL
0x00007ffa1a3c0000 - 0x00007ffa1a3e9000 	C:\Program Files\JetBrains\IntelliJ IDEA Community Edition 2020.2.3\jbr\bin\java.dll
0x00007ffa1bee0000 - 0x00007ffa1beeb000 	C:\Program Files\JetBrains\IntelliJ IDEA Community Edition 2020.2.3\jbr\bin\jimage.dll
0x00007ffa1a070000 - 0x00007ffa1a088000 	C:\Program Files\JetBrains\IntelliJ IDEA Community Edition 2020.2.3\jbr\bin\zip.dll
0x00007ffa30fa0000 - 0x00007ffa31687000 	C:\WINDOWS\System32\SHELL32.dll
0x00007ffa31d90000 - 0x00007ffa31e39000 	C:\WINDOWS\System32\shcore.dll
0x00007ffa300f0000 - 0x00007ffa30870000 	C:\WINDOWS\System32\windows.storage.dll
0x00007ffa2f770000 - 0x00007ffa2f793000 	C:\WINDOWS\System32\profapi.dll
0x00007ffa2f7a0000 - 0x00007ffa2f7ea000 	C:\WINDOWS\System32\powrprof.dll
0x00007ffa2f720000 - 0x00007ffa2f730000 	C:\WINDOWS\System32\UMPDC.dll
0x00007ffa32140000 - 0x00007ffa32192000 	C:\WINDOWS\System32\shlwapi.dll
0x00007ffa2f8a0000 - 0x00007ffa2f8b7000 	C:\WINDOWS\System32\cryptsp.dll
0x00007ffa0d7c0000 - 0x00007ffa0d963000 	C:\Program Files\JetBrains\IntelliJ IDEA Community Edition 2020.2.3\jbr\bin\awt.dll
0x00007ffa32070000 - 0x00007ffa32135000 	C:\WINDOWS\System32\OLEAUT32.dll
0x00007ffa2daf0000 - 0x00007ffa2db1d000 	C:\WINDOWS\SYSTEM32\dwmapi.dll
0x00007ffa2d4a0000 - 0x00007ffa2d52f000 	C:\WINDOWS\SYSTEM32\apphelp.dll
0x00007ffa1a050000 - 0x00007ffa1a06a000 	C:\Program Files\JetBrains\IntelliJ IDEA Community Edition 2020.2.3\jbr\bin\net.dll
0x00007ffa1e750000 - 0x00007ffa1e840000 	C:\WINDOWS\SYSTEM32\WINHTTP.dll
0x00007ffa2ef70000 - 0x00007ffa2efd7000 	C:\WINDOWS\system32\mswsock.dll
0x00007ffa19d00000 - 0x00007ffa19d14000 	C:\Program Files\JetBrains\IntelliJ IDEA Community Edition 2020.2.3\jbr\bin\nio.dll
0x00007ffa0eaf0000 - 0x00007ffa0ec46000 	C:\WINDOWS\system32\opengl32.dll
0x00007ffa0f8c0000 - 0x00007ffa0f8ec000 	C:\WINDOWS\SYSTEM32\GLU32.dll
0x00007ffa2e370000 - 0x00007ffa2e390000 	C:\WINDOWS\SYSTEM32\dxcore.dll
0x00007ffa2d690000 - 0x00007ffa2d729000 	C:\WINDOWS\system32\uxtheme.dll
0x00007ffa31b00000 - 0x00007ffa31c35000 	C:\WINDOWS\System32\MSCTF.dll
0x00007ffa30930000 - 0x00007ffa30a87000 	C:\WINDOWS\System32\ole32.dll
0x00007ff9c77b0000 - 0x00007ff9c86c7000 	C:\WINDOWS\System32\DriverStore\FileRepository\igdlh64.inf_amd64_654e79489f2b9f28\ig9icd64.dll
0x00007ffa2e400000 - 0x00007ffa2e4eb000 	C:\WINDOWS\system32\dxgi.dll
0x00007ffa21770000 - 0x00007ffa21914000 	C:\WINDOWS\System32\DriverStore\FileRepository\igdlh64.inf_amd64_654e79489f2b9f28\igdgmm64.dll
0x00007ffa1f160000 - 0x00007ffa21761000 	C:\WINDOWS\System32\DriverStore\FileRepository\igdlh64.inf_amd64_654e79489f2b9f28\igc64.dll
0x00007ff9dc960000 - 0x00007ff9dccbb000 	C:\WINDOWS\System32\DriverStore\FileRepository\igdlh64.inf_amd64_654e79489f2b9f28\igdml64.dll
0x00007ffa19310000 - 0x00007ffa19395000 	C:\Program Files\JetBrains\IntelliJ IDEA Community Edition 2020.2.3\jbr\bin\freetype.dll
0x00007ffa18eb0000 - 0x00007ffa18f59000 	C:\Program Files\JetBrains\IntelliJ IDEA Community Edition 2020.2.3\jbr\bin\fontmanager.dll
0x00007ffa31c40000 - 0x00007ffa31ce2000 	C:\WINDOWS\System32\clbcatq.dll
0x00007ffa27220000 - 0x00007ffa273cf000 	C:\WINDOWS\SYSTEM32\WindowsCodecs.dll
0x00007ffa08390000 - 0x00007ffa083ca000 	C:\WINDOWS\system32\dataexchange.dll
0x00007ffa297c0000 - 0x00007ffa29a1b000 	C:\WINDOWS\system32\d3d11.dll
0x00007ffa29a50000 - 0x00007ffa29c2d000 	C:\WINDOWS\system32\dcomp.dll
0x00007ffa2d780000 - 0x00007ffa2d9e2000 	C:\WINDOWS\system32\twinapi.appcore.dll
0x00007ffa2dc00000 - 0x00007ffa2dc29000 	C:\WINDOWS\system32\RMCLIENT.dll
0x00007ffa1de80000 - 0x00007ffa1df1e000 	C:\WINDOWS\System32\TextInputFramework.dll
0x00007ffa27690000 - 0x00007ffa279ba000 	C:\WINDOWS\System32\CoreUIComponents.dll
0x00007ffa29c30000 - 0x00007ffa29d04000 	C:\WINDOWS\System32\CoreMessaging.dll
0x00007ffa2e760000 - 0x00007ffa2e791000 	C:\WINDOWS\SYSTEM32\ntmarta.dll
0x00007ffa27d00000 - 0x00007ffa27e53000 	C:\WINDOWS\SYSTEM32\wintypes.dll
0x00007ffa1c4d0000 - 0x00007ffa1c776000 	C:\WINDOWS\System32\iertutil.dll
0x00007ffa2ecc0000 - 0x00007ffa2ed8b000 	C:\WINDOWS\SYSTEM32\DNSAPI.dll
0x00007ffa32710000 - 0x00007ffa32718000 	C:\WINDOWS\System32\NSI.dll
0x00007ffa2ec80000 - 0x00007ffa2ecba000 	C:\WINDOWS\SYSTEM32\IPHLPAPI.DLL
0x0000000062100000 - 0x0000000062126000 	C:\Program Files\Bonjour\mdnsNSP.dll
0x00007ffa253b0000 - 0x00007ffa253ba000 	C:\Windows\System32\rasadhlp.dll
0x00007ffa1dc00000 - 0x00007ffa1dc77000 	C:\WINDOWS\System32\fwpuclnt.dll
0x00007ffa2f8c0000 - 0x00007ffa2f8e6000 	C:\WINDOWS\System32\bcrypt.dll

dbghelp: loaded successfully - version: 4.0.5 - missing functions: none
symbol engine: initialized successfully - sym options: 0x614 - pdb path: .;C:\Program Files\JetBrains\IntelliJ IDEA Community Edition 2020.2.3\jbr\bin;C:\WINDOWS\SYSTEM32;C:\Program Files\AVG\Antivirus;C:\WINDOWS\WinSxS\amd64_microsoft.windows.common-controls_6595b64144ccf1df_6.0.18362.1082_none_9e8193e1e45b25c1;C:\Program Files\JetBrains\IntelliJ IDEA Community Edition 2020.2.3\jbr\bin\server;C:\WINDOWS\System32\DriverStore\FileRepository\igdlh64.inf_amd64_654e79489f2b9f28;C:\Program Files\Bonjour

VM Arguments:
jvm_args: -Dfile.encoding=windows-1252 -Duser.country=GB -Duser.language=en -Duser.variant 
java_command: de.mat2095.my_slither.Main
java_class_path (initial): C:\Users\7290\Desktop\Lancaster University Year 2\SCC 210\MySlitherGame\build\classes\java\main;C:\Users\7290\Desktop\Lancaster University Year 2\SCC 210\MySlitherGame\build\resources\main;C:\Users\7290\.gradle\caches\modules-2\files-2.1\org.java-websocket\Java-WebSocket\1.4.0\151a9c66b366be3619e20f6b1c8ed65e51b73959\Java-WebSocket-1.4.0.jar;C:\Users\7290\.gradle\caches\modules-2\files-2.1\com.bulenkov\darcula\2018.2\e7ba785fdd7a867f6f70fbc37bd2799648df804e\darcula-2018.2.jar;C:\Users\7290\.gradle\caches\modules-2\files-2.1\org.slf4j\slf4j-simple\1.7.28\cf5f2cf3c31e0e41b68d932d756398a1238d4456\slf4j-simple-1.7.28.jar;C:\Users\7290\.gradle\caches\modules-2\files-2.1\org.slf4j\slf4j-api\1.7.28\2cd9b264f76e3d087ee21bfc99305928e1bdb443\slf4j-api-1.7.28.jar;C:\Users\7290\.gradle\caches\modules-2\files-2.1\org.jetbrains\annotations\16.0.1\c1a6655cebcac68e63e4c24d23f573035032eb2a\annotations-16.0.1.jar
Launcher Type: SUN_STANDARD

[Global flags]
     intx CICompilerCount                          = 3                                         {product} {ergonomic}
     uint ConcGCThreads                            = 1                                         {product} {ergonomic}
     uint G1ConcRefinementThreads                  = 4                                         {product} {ergonomic}
   size_t G1HeapRegionSize                         = 1048576                                   {product} {ergonomic}
    uintx GCDrainStackTargetSize                   = 64                                        {product} {ergonomic}
   size_t InitialHeapSize                          = 132120576                                 {product} {ergonomic}
   size_t MarkStackSize                            = 4194304                                   {product} {ergonomic}
   size_t MaxHeapSize                              = 2107637760                                {product} {ergonomic}
   size_t MaxNewSize                               = 1264582656                                {product} {ergonomic}
   size_t MinHeapDeltaBytes                        = 1048576                                   {product} {ergonomic}
    uintx NonNMethodCodeHeapSize                   = 5830732                                {pd product} {ergonomic}
    uintx NonProfiledCodeHeapSize                  = 122913754                              {pd product} {ergonomic}
    uintx ProfiledCodeHeapSize                     = 122913754                              {pd product} {ergonomic}
    uintx ReservedCodeCacheSize                    = 251658240                              {pd product} {ergonomic}
     bool SegmentedCodeCache                       = true                                      {product} {ergonomic}
     bool UseCompressedClassPointers               = true                                 {lp64_product} {ergonomic}
     bool UseCompressedOops                        = true                                 {lp64_product} {ergonomic}
     bool UseG1GC                                  = true                                      {product} {ergonomic}
     bool UseLargePagesIndividualAllocation        = false                                  {pd product} {ergonomic}

Logging:
Log output configuration:
 #0: stdout all=warning uptime,level,tags
 #1: stderr all=off uptime,level,tags

Environment Variables:
JAVA_HOME=C:\Program Files\Java\jdk-13.0.1
PATH=C:\Program Files\Java\jdk-13.0.1\bin;C:\WINDOWS\system32;C:\WINDOWS;C:\WINDOWS\System32\Wbem;C:\WINDOWS\System32\WindowsPowerShell\v1.0\;C:\WINDOWS\System32\OpenSSH\;C:\MinGW\bin;C:\Users\7290\AppData\Roaming\nvm;C:\Program Files\nodejs;C:\Program Files\Git\cmd;C:\Gradle\gradle-6.6.1\bin;C:\Python383\Scripts\;C:\Python383\;C:\Users\7290\AppData\Local\Microsoft\WindowsApps;C:\Users\7290\AppData\Local\Programs\Microsoft VS Code\bin;C:\Program Files\JetBrains\IntelliJ IDEA Community Edition 2019.3.1\bin;;C:\Users\7290\AppData\Roaming\nvm;C:\Program Files\nodejs
USERNAME=7290
OS=Windows_NT
PROCESSOR_IDENTIFIER=Intel64 Family 6 Model 142 Stepping 9, GenuineIntel



---------------  S Y S T E M  ---------------

OS: Windows 10 , 64 bit Build 18362 (10.0.18362.1082)
OS uptime: 1 days 3:26 hours

CPU:total 4 (initial active 4) (2 cores per cpu, 2 threads per core) family 6 model 142 stepping 9, cmov, cx8, fxsr, mmx, sse, sse2, sse3, ssse3, sse4.1, sse4.2, popcnt, avx, avx2, aes, clmul, erms, rtm, 3dnowpref, lzcnt, ht, tsc, tscinvbit, bmi1, bmi2, adx, fma

Memory: 4k page, system-wide physical 8038M (930M free)
TotalPageFile size 12646M (AvailPageFile size 1879M)
current process WorkingSet (physical memory assigned to process): 231M, peak: 245M
current process commit charge ("private bytes"): 318M, peak: 331M

vm_info: OpenJDK 64-Bit Server VM (11.0.8+10-b944.34) for windows-amd64 JRE (11.0.8+10-b944.34), built on Sep 11 2020 15:32:11 by "" with MS VC++ 14.0 (VS2015)

END.
